{
  "0 debug pnpm:scope": {
    "selected": 1
  },
  "1 error pnpm": {
    "errno": 1,
    "code": "ELIFECYCLE",
    "pkgid": "@exercism/javascript-high-score-board@",
    "stage": "test",
    "script": "jest --no-cache ./*",
    "pkgname": "@exercism/javascript-high-score-board",
    "err": {
      "name": "pnpm",
      "message": "@exercism/javascript-high-score-board@ test: `jest --no-cache ./*`\nExit status 1",
      "code": "ELIFECYCLE",
      "stack": "pnpm: @exercism/javascript-high-score-board@ test: `jest --no-cache ./*`\nExit status 1\n    at EventEmitter.<anonymous> (/Users/ojaswin/.nvm/versions/node/v14.17.4/lib/node_modules/pnpm/dist/pnpm.cjs:105646:20)\n    at EventEmitter.emit (events.js:400:28)\n    at ChildProcess.<anonymous> (/Users/ojaswin/.nvm/versions/node/v14.17.4/lib/node_modules/pnpm/dist/pnpm.cjs:92194:18)\n    at ChildProcess.emit (events.js:400:28)\n    at maybeClose (internal/child_process.js:1055:16)\n    at Process.ChildProcess._handle.onexit (internal/child_process.js:288:5)"
    }
  },
  "2 warn pnpm:global": " Local package.json exists, but node_modules missing, did you mean to install?"
}